Content-Type: multipart/alternative; boundary="===============0228741879=="
MIME-Version: 1.0
Subject: Profile activation
From: rajivmurali2000@gmail.com
To: mberiwal13@gmail.com
Date: Fri, 11 Dec 2020 19:09:11 -0000
Message-ID: <160771375104.41044.6898497214622846439@DESKTOP-5L4BTLA>

--===============0228741879==
Content-Type: text/plain; charset="utf-8"
MIME-Version: 1.0
Content-Transfer-Encoding: 7bit



To activate your profile, please follow this link:

http://127.0.0.1:8000/accounts/activate/5EVKcbfzrRz9mRRiHnKW/

--===============0228741879==
Content-Type: text/html; charset="utf-8"
MIME-Version: 1.0
Content-Transfer-Encoding: 7bit



<!DOCTYPE html PUBLIC "-//W3C//DTD XHTML 1.0 Transitional//EN"
        "http://www.w3.org/TR/xhtml1/DTD/xhtml1-transitional.dtd">
<html xmlns="http://www.w3.org/1999/xhtml">
<head>
    <meta http-equiv="Content-Type" content="text/html; charset=UTF-8"/>
    <title>Profile activation</title>
    <meta name="viewport" content="width=device-width, initial-scale=1.0"/>
</head>

<body>

<p>
    To activate your profile, please follow this link:
</p>

<p>
    <a href="http://127.0.0.1:8000/accounts/activate/5EVKcbfzrRz9mRRiHnKW/">http://127.0.0.1:8000/accounts/activate/5EVKcbfzrRz9mRRiHnKW/</a>
</p>

</body>

</html>

--===============0228741879==--

-------------------------------------------------------------------------------
