Content-Type: multipart/alternative; boundary="===============1826822989=="
MIME-Version: 1.0
Subject: Change email
From: rajivmurali2000@gmail.com
To: mberiwal18@gmail.com
Date: Fri, 11 Dec 2020 19:11:52 -0000
Message-ID: <160771391274.41044.16830286766244156652@DESKTOP-5L4BTLA>

--===============1826822989==
Content-Type: text/plain; charset="utf-8"
MIME-Version: 1.0
Content-Transfer-Encoding: 7bit



To change your current email address, please follow the link:

http://127.0.0.1:8000/accounts/change/email/bdkPIshSGXwaYuBjtRGW/

--===============1826822989==
Content-Type: text/html; charset="utf-8"
MIME-Version: 1.0
Content-Transfer-Encoding: 7bit



<!DOCTYPE html PUBLIC "-//W3C//DTD XHTML 1.0 Transitional//EN"
        "http://www.w3.org/TR/xhtml1/DTD/xhtml1-transitional.dtd">
<html xmlns="http://www.w3.org/1999/xhtml">
<head>
    <meta http-equiv="Content-Type" content="text/html; charset=UTF-8"/>
    <title>Change email</title>
    <meta name="viewport" content="width=device-width, initial-scale=1.0"/>
</head>

<body>

<p>
    To change your current email address, please follow the link:
</p>

<p>
    <a href="http://127.0.0.1:8000/accounts/change/email/bdkPIshSGXwaYuBjtRGW/">http://127.0.0.1:8000/accounts/change/email/bdkPIshSGXwaYuBjtRGW/</a>
</p>

</body>

</html>

--===============1826822989==--

-------------------------------------------------------------------------------
