Content-Type: multipart/alternative; boundary="===============0951450860=="
MIME-Version: 1.0
Subject: Profile activation
From: test@example.com
To: rajiv.murali.25@gmail.com
Date: Fri, 11 Dec 2020 12:30:24 -0000
Message-ID: <160768982403.14744.8577812191123323611@DESKTOP-5L4BTLA>

--===============0951450860==
Content-Type: text/plain; charset="utf-8"
MIME-Version: 1.0
Content-Transfer-Encoding: 7bit



To activate your profile, please follow this link:

http://127.0.0.1:8000/accounts/activate/3wRnLkes6EWCLyKHGHU8/

--===============0951450860==
Content-Type: text/html; charset="utf-8"
MIME-Version: 1.0
Content-Transfer-Encoding: 7bit



<!DOCTYPE html PUBLIC "-//W3C//DTD XHTML 1.0 Transitional//EN"
        "http://www.w3.org/TR/xhtml1/DTD/xhtml1-transitional.dtd">
<html xmlns="http://www.w3.org/1999/xhtml">
<head>
    <meta http-equiv="Content-Type" content="text/html; charset=UTF-8"/>
    <title>Profile activation</title>
    <meta name="viewport" content="width=device-width, initial-scale=1.0"/>
</head>

<body>

<p>
    To activate your profile, please follow this link:
</p>

<p>
    <a href="http://127.0.0.1:8000/accounts/activate/3wRnLkes6EWCLyKHGHU8/">http://127.0.0.1:8000/accounts/activate/3wRnLkes6EWCLyKHGHU8/</a>
</p>

</body>

</html>

--===============0951450860==--

-------------------------------------------------------------------------------
